F:\代码备份\项目代码备份_2018\NEWSUBSTATIONDETECTIONSERVER_04_06\NEWSUBSTATIONDETECTIONSERVER\X64\DEBUG\ANALYSISDLG.OBJ
F:\代码备份\项目代码备份_2018\NEWSUBSTATIONDETECTIONSERVER_04_06\NEWSUBSTATIONDETECTIONSERVER\X64\DEBUG\CHANGECOLOR.OBJ
F:\代码备份\项目代码备份_2018\NewSubstationDetectionServer_04_06\NewSubstationDetectionServer\x64\Debug\cl.command.1.tlog
F:\代码备份\项目代码备份_2018\NewSubstationDetectionServer_04_06\NewSubstationDetectionServer\x64\Debug\CL.read.1.tlog
F:\代码备份\项目代码备份_2018\NewSubstationDetectionServer_04_06\NewSubstationDetectionServer\x64\Debug\CL.write.1.tlog
F:\代码备份\项目代码备份_2018\NEWSUBSTATIONDETECTIONSERVER_04_06\NEWSUBSTATIONDETECTIONSERVER\X64\DEBUG\CVVIMAGE.OBJ
F:\代码备份\项目代码备份_2018\NEWSUBSTATIONDETECTIONSERVER_04_06\NEWSUBSTATIONDETECTIONSERVER\X64\DEBUG\DATABASEUTILS.OBJ
F:\代码备份\项目代码备份_2018\NEWSUBSTATIONDETECTIONSERVER_04_06\NEWSUBSTATIONDETECTIONSERVER\X64\DEBUG\DETAILSDLG.OBJ
F:\代码备份\项目代码备份_2018\NewSubstationDetectionServer_04_06\NewSubstationDetectionServer\x64\Debug\link.command.1.tlog
F:\代码备份\项目代码备份_2018\NewSubstationDetectionServer_04_06\NewSubstationDetectionServer\x64\Debug\link.read.1.tlog
F:\代码备份\项目代码备份_2018\NewSubstationDetectionServer_04_06\NewSubstationDetectionServer\x64\Debug\link.write.1.tlog
F:\代码备份\项目代码备份_2018\NewSubstationDetectionServer_04_06\NewSubstationDetectionServer\x64\Debug\link-cvtres.read.1.tlog
F:\代码备份\项目代码备份_2018\NewSubstationDetectionServer_04_06\NewSubstationDetectionServer\x64\Debug\link-cvtres.write.1.tlog
F:\代码备份\项目代码备份_2018\NEWSUBSTATIONDETECTIONSERVER_04_06\NEWSUBSTATIONDETECTIONSERVER\X64\DEBUG\MAINDLG.OBJ
F:\代码备份\项目代码备份_2018\NewSubstationDetectionServer_04_06\NewSubstationDetectionServer\x64\Debug\mt.command.1.tlog
F:\代码备份\项目代码备份_2018\NewSubstationDetectionServer_04_06\NewSubstationDetectionServer\x64\Debug\mt.read.1.tlog
F:\代码备份\项目代码备份_2018\NewSubstationDetectionServer_04_06\NewSubstationDetectionServer\x64\Debug\mt.write.1.tlog
F:\代码备份\项目代码备份_2018\NEWSUBSTATIONDETECTIONSERVER_04_06\NEWSUBSTATIONDETECTIONSERVER\X64\DEBUG\NEWSUBSTATIONDETECTIONSERVER.EXE.EMBED.MANIFEST
F:\代码备份\项目代码备份_2018\NEWSUBSTATIONDETECTIONSERVER_04_06\NEWSUBSTATIONDETECTIONSERVER\X64\DEBUG\NEWSUBSTATIONDETECTIONSERVER.EXE.EMBED.MANIFEST.RES
F:\代码备份\项目代码备份_2018\NEWSUBSTATIONDETECTIONSERVER_04_06\NEWSUBSTATIONDETECTIONSERVER\X64\DEBUG\NEWSUBSTATIONDETECTIONSERVER.EXE.INTERMEDIATE.MANIFEST
F:\代码备份\项目代码备份_2018\NEWSUBSTATIONDETECTIONSERVER_04_06\NEWSUBSTATIONDETECTIONSERVER\X64\DEBUG\NEWSUBSTATIONDETECTIONSERVER.OBJ
F:\代码备份\项目代码备份_2018\NEWSUBSTATIONDETECTIONSERVER_04_06\NEWSUBSTATIONDETECTIONSERVER\X64\DEBUG\NEWSUBSTATIONDETECTIONSERVER.PCH
F:\代码备份\项目代码备份_2018\NEWSUBSTATIONDETECTIONSERVER_04_06\NEWSUBSTATIONDETECTIONSERVER\X64\DEBUG\NEWSUBSTATIONDETECTIONSERVER.RES
F:\代码备份\项目代码备份_2018\NewSubstationDetectionServer_04_06\NewSubstationDetectionServer\x64\Debug\NewSubstationDetectionServer.write.1.tlog
F:\代码备份\项目代码备份_2018\NewSubstationDetectionServer_04_06\NewSubstationDetectionServer\x64\Debug\NewSubstationDetectionServer_manifest.rc
F:\代码备份\项目代码备份_2018\NEWSUBSTATIONDETECTIONSERVER_04_06\NEWSUBSTATIONDETECTIONSERVER\X64\DEBUG\NEWSUBSTATIONDETECTIONSERVERDLG.OBJ
F:\代码备份\项目代码备份_2018\NewSubstationDetectionServer_04_06\NewSubstationDetectionServer\x64\Debug\rc.command.1.tlog
F:\代码备份\项目代码备份_2018\NewSubstationDetectionServer_04_06\NewSubstationDetectionServer\x64\Debug\rc.read.1.tlog
F:\代码备份\项目代码备份_2018\NewSubstationDetectionServer_04_06\NewSubstationDetectionServer\x64\Debug\rc.write.1.tlog
F:\代码备份\项目代码备份_2018\NEWSUBSTATIONDETECTIONSERVER_04_06\NEWSUBSTATIONDETECTIONSERVER\X64\DEBUG\STDAFX.OBJ
F:\代码备份\项目代码备份_2018\NEWSUBSTATIONDETECTIONSERVER_04_06\NEWSUBSTATIONDETECTIONSERVER\X64\DEBUG\UTILS.OBJ
F:\代码备份\项目代码备份_2018\NewSubstationDetectionServer_04_06\NewSubstationDetectionServer\x64\Debug\vc100.idb
F:\代码备份\项目代码备份_2018\NEWSUBSTATIONDETECTIONSERVER_04_06\NEWSUBSTATIONDETECTIONSERVER\X64\DEBUG\VC100.PDB
F:\代码备份\项目代码备份_2018\NEWSUBSTATIONDETECTIONSERVER_04_06\NEWSUBSTATIONDETECTIONSERVER\X64\DEBUG\WINSOCKMATTRANSMISSIONSERVER.OBJ
F:\代码备份\项目代码备份_2018\NEWSUBSTATIONDETECTIONSERVER_04_06\NEWSUBSTATIONDETECTIONSERVER\X64\DEBUG\WINSOCKMATTRANSMISSIONSERVER_1.OBJ
F:\代码备份\项目代码备份_2018\NEWSUBSTATIONDETECTIONSERVER_04_06\X64\DEBUG\NEWSUBSTATIONDETECTIONSERVER.EXE
F:\代码备份\项目代码备份_2018\NEWSUBSTATIONDETECTIONSERVER_04_06\X64\DEBUG\NEWSUBSTATIONDETECTIONSERVER.ILK
F:\代码备份\项目代码备份_2018\NEWSUBSTATIONDETECTIONSERVER_04_06\X64\DEBUG\NEWSUBSTATIONDETECTIONSERVER.PDB
