E:\代码备份\NEWSUBSTATIONDETECTIONSERVER_06_26\DEBUG\NEWSUBSTATIONDETECTIONSERVER.EXE
E:\代码备份\NEWSUBSTATIONDETECTIONSERVER_06_26\DEBUG\NEWSUBSTATIONDETECTIONSERVER.ILK
E:\代码备份\NEWSUBSTATIONDETECTIONSERVER_06_26\DEBUG\NEWSUBSTATIONDETECTIONSERVER.PDB
E:\代码备份\NEWSUBSTATIONDETECTIONSERVER_06_26\NEWSUBSTATIONDETECTIONSERVER\DEBUG\CHANGECOLOR.OBJ
E:\代码备份\NewSubstationDetectionServer_06_26\NewSubstationDetectionServer\Debug\cl.command.1.tlog
E:\代码备份\NewSubstationDetectionServer_06_26\NewSubstationDetectionServer\Debug\CL.read.1.tlog
E:\代码备份\NewSubstationDetectionServer_06_26\NewSubstationDetectionServer\Debug\CL.write.1.tlog
E:\代码备份\NEWSUBSTATIONDETECTIONSERVER_06_26\NEWSUBSTATIONDETECTIONSERVER\DEBUG\CVVIMAGE.OBJ
E:\代码备份\NewSubstationDetectionServer_06_26\NewSubstationDetectionServer\Debug\link.command.1.tlog
E:\代码备份\NewSubstationDetectionServer_06_26\NewSubstationDetectionServer\Debug\link.read.1.tlog
E:\代码备份\NewSubstationDetectionServer_06_26\NewSubstationDetectionServer\Debug\link.write.1.tlog
E:\代码备份\NewSubstationDetectionServer_06_26\NewSubstationDetectionServer\Debug\link-cvtres.read.1.tlog
E:\代码备份\NewSubstationDetectionServer_06_26\NewSubstationDetectionServer\Debug\link-cvtres.write.1.tlog
E:\代码备份\NEWSUBSTATIONDETECTIONSERVER_06_26\NEWSUBSTATIONDETECTIONSERVER\DEBUG\MAINDLG.OBJ
E:\代码备份\NewSubstationDetectionServer_06_26\NewSubstationDetectionServer\Debug\mt.command.1.tlog
E:\代码备份\NewSubstationDetectionServer_06_26\NewSubstationDetectionServer\Debug\mt.read.1.tlog
E:\代码备份\NewSubstationDetectionServer_06_26\NewSubstationDetectionServer\Debug\mt.write.1.tlog
E:\代码备份\NEWSUBSTATIONDETECTIONSERVER_06_26\NEWSUBSTATIONDETECTIONSERVER\DEBUG\NEWSUBSTATIONDETECTIONSERVER.EXE.EMBED.MANIFEST
E:\代码备份\NEWSUBSTATIONDETECTIONSERVER_06_26\NEWSUBSTATIONDETECTIONSERVER\DEBUG\NEWSUBSTATIONDETECTIONSERVER.EXE.EMBED.MANIFEST.RES
E:\代码备份\NEWSUBSTATIONDETECTIONSERVER_06_26\NEWSUBSTATIONDETECTIONSERVER\DEBUG\NEWSUBSTATIONDETECTIONSERVER.EXE.INTERMEDIATE.MANIFEST
E:\代码备份\NEWSUBSTATIONDETECTIONSERVER_06_26\NEWSUBSTATIONDETECTIONSERVER\DEBUG\NEWSUBSTATIONDETECTIONSERVER.OBJ
E:\代码备份\NEWSUBSTATIONDETECTIONSERVER_06_26\NEWSUBSTATIONDETECTIONSERVER\DEBUG\NEWSUBSTATIONDETECTIONSERVER.PCH
E:\代码备份\NEWSUBSTATIONDETECTIONSERVER_06_26\NEWSUBSTATIONDETECTIONSERVER\DEBUG\NEWSUBSTATIONDETECTIONSERVER.RES
E:\代码备份\NewSubstationDetectionServer_06_26\NewSubstationDetectionServer\Debug\NewSubstationDetectionServer_manifest.rc
E:\代码备份\NEWSUBSTATIONDETECTIONSERVER_06_26\NEWSUBSTATIONDETECTIONSERVER\DEBUG\NEWSUBSTATIONDETECTIONSERVERDLG.OBJ
E:\代码备份\NewSubstationDetectionServer_06_26\NewSubstationDetectionServer\Debug\rc.command.1.tlog
E:\代码备份\NewSubstationDetectionServer_06_26\NewSubstationDetectionServer\Debug\rc.read.1.tlog
E:\代码备份\NewSubstationDetectionServer_06_26\NewSubstationDetectionServer\Debug\rc.write.1.tlog
E:\代码备份\NEWSUBSTATIONDETECTIONSERVER_06_26\NEWSUBSTATIONDETECTIONSERVER\DEBUG\STDAFX.OBJ
E:\代码备份\NEWSUBSTATIONDETECTIONSERVER_06_26\NEWSUBSTATIONDETECTIONSERVER\DEBUG\UTILS.OBJ
E:\代码备份\NewSubstationDetectionServer_06_26\NewSubstationDetectionServer\Debug\vc100.idb
E:\代码备份\NEWSUBSTATIONDETECTIONSERVER_06_26\NEWSUBSTATIONDETECTIONSERVER\DEBUG\VC100.PDB
E:\代码备份\NEWSUBSTATIONDETECTIONSERVER_06_26\NEWSUBSTATIONDETECTIONSERVER\DEBUG\WINSOCKMATTRANSMISSIONSERVER.OBJ
E:\代码备份\NEWSUBSTATIONDETECTIONSERVER_06_26\NEWSUBSTATIONDETECTIONSERVER\DEBUG\WINSOCKMATTRANSMISSIONSERVER_1.OBJ
